

*******************************************************************************
Fri Jan 18 13:21:05 2019


FIT:    data read from datafile u 1:2
        format = x:z
        x range restricted to ["20180101" : "20200101"]
        #datapoints = 228
        residuals are weighted equally (unit weight)

function used for fitting: f(x)
	f(x)=a+b*x
fitted parameters initialized with current variable values

iter      chisq       delta/lim  lambda   a             b            
   0 1.3454150042e+06   0.00e+00  1.09e+01    1.000000e+00   1.000000e-08
   6 2.1250839188e+03  -2.71e-06  1.09e-05    8.766718e+02  -5.101646e-07

After 6 iterations the fit converged.
final sum of squares of residuals : 2125.08
rel. change during last iteration : -2.71256e-11

degrees of freedom    (FIT_NDF)                        : 226
rms of residuals      (FIT_STDFIT) = sqrt(WSSR/ndf)    : 3.06644
variance of residuals (reduced chisquare) = WSSR/ndf   : 9.40303

Final set of parameters            Asymptotic Standard Error
=======================            ==========================
a               = 876.672          +/- 43.37        (4.947%)
b               = -5.10165e-07     +/- 2.824e-08    (5.535%)

correlation matrix of the fit parameters:
                a      b      
a               1.000 
b              -1.000  1.000 


*******************************************************************************
Fri Jan 18 13:21:05 2019


FIT:    data read from recent u 1:2
        format = x:z
        x range restricted to ["20180101" : "20200101"]
        #datapoints = 7
        residuals are weighted equally (unit weight)

function used for fitting: g(x)
	g(x)= p+q*x
fitted parameters initialized with current variable values

iter      chisq       delta/lim  lambda   p             q            
   0 3.8954761479e+04   0.00e+00  1.10e+01    1.000000e+00   1.000000e-08
   8 1.8692857143e+00  -4.51e-03  1.10e-07    3.374755e+03  -2.121914e-06

After 8 iterations the fit converged.
final sum of squares of residuals : 1.86929
rel. change during last iteration : -4.50586e-08

degrees of freedom    (FIT_NDF)                        : 5
rms of residuals      (FIT_STDFIT) = sqrt(WSSR/ndf)    : 0.611439
variance of residuals (reduced chisquare) = WSSR/ndf   : 0.373857

Final set of parameters            Asymptotic Standard Error
=======================            ==========================
p               = 3374.75          +/- 2581         (76.49%)
q               = -2.12191e-06     +/- 1.668e-06    (78.61%)

correlation matrix of the fit parameters:
                p      q      
p               1.000 
q              -1.000  1.000 


*******************************************************************************
Fri Jan 18 13:21:05 2019


FIT:    data read from "walk.csv" u 1:3
        format = x:z
        x range restricted to ["20180101" : "20200101"]
        #datapoints = 15
        residuals are weighted equally (unit weight)

function used for fitting: h(x)
	h(x)= r+s*x
fitted parameters initialized with current variable values

iter      chisq       delta/lim  lambda   r             s            
   0 1.0740647640e+03   0.00e+00  1.10e+01    1.000000e+00   1.000000e-08
   8 2.4214432151e+02  -2.48e-09  1.10e-07   -2.468116e+04   1.596473e-05

After 8 iterations the fit converged.
final sum of squares of residuals : 242.144
rel. change during last iteration : -2.47661e-14

degrees of freedom    (FIT_NDF)                        : 13
rms of residuals      (FIT_STDFIT) = sqrt(WSSR/ndf)    : 4.31584
variance of residuals (reduced chisquare) = WSSR/ndf   : 18.6265

Final set of parameters            Asymptotic Standard Error
=======================            ==========================
r               = -24681.2         +/- 3817         (15.47%)
s               = 1.59647e-05      +/- 2.468e-06    (15.46%)

correlation matrix of the fit parameters:
                r      s      
r               1.000 
s              -1.000  1.000 


*******************************************************************************
Fri Jan 18 13:23:11 2019


FIT:    data read from datafile u 1:2
        format = x:z
        x range restricted to ["20180101" : "20200101"]
        #datapoints = 228
        residuals are weighted equally (unit weight)

function used for fitting: f(x)
	f(x)=a+b*x
fitted parameters initialized with current variable values

iter      chisq       delta/lim  lambda   a             b            
   0 1.3454150042e+06   0.00e+00  1.09e+01    1.000000e+00   1.000000e-08
   6 2.1250839188e+03  -2.71e-06  1.09e-05    8.766718e+02  -5.101646e-07

After 6 iterations the fit converged.
final sum of squares of residuals : 2125.08
rel. change during last iteration : -2.71256e-11

degrees of freedom    (FIT_NDF)                        : 226
rms of residuals      (FIT_STDFIT) = sqrt(WSSR/ndf)    : 3.06644
variance of residuals (reduced chisquare) = WSSR/ndf   : 9.40303

Final set of parameters            Asymptotic Standard Error
=======================            ==========================
a               = 876.672          +/- 43.37        (4.947%)
b               = -5.10165e-07     +/- 2.824e-08    (5.535%)

correlation matrix of the fit parameters:
                a      b      
a               1.000 
b              -1.000  1.000 


*******************************************************************************
Fri Jan 18 13:23:11 2019


FIT:    data read from recent u 1:2
        format = x:z
        x range restricted to ["20180101" : "20200101"]
        #datapoints = 7
        residuals are weighted equally (unit weight)

function used for fitting: g(x)
	g(x)= p+q*x
fitted parameters initialized with current variable values

iter      chisq       delta/lim  lambda   p             q            
   0 3.8954761479e+04   0.00e+00  1.10e+01    1.000000e+00   1.000000e-08
   8 1.8692857143e+00  -4.51e-03  1.10e-07    3.374755e+03  -2.121914e-06

After 8 iterations the fit converged.
final sum of squares of residuals : 1.86929
rel. change during last iteration : -4.50586e-08

degrees of freedom    (FIT_NDF)                        : 5
rms of residuals      (FIT_STDFIT) = sqrt(WSSR/ndf)    : 0.611439
variance of residuals (reduced chisquare) = WSSR/ndf   : 0.373857

Final set of parameters            Asymptotic Standard Error
=======================            ==========================
p               = 3374.75          +/- 2581         (76.49%)
q               = -2.12191e-06     +/- 1.668e-06    (78.61%)

correlation matrix of the fit parameters:
                p      q      
p               1.000 
q              -1.000  1.000 


*******************************************************************************
Fri Jan 18 13:23:11 2019


FIT:    data read from "walk.csv" u 1:3
        format = x:z
        x range restricted to ["20180101" : "20200101"]
        #datapoints = 15
        residuals are weighted equally (unit weight)

function used for fitting: h(x)
	h(x)= r+s*x
fitted parameters initialized with current variable values

iter      chisq       delta/lim  lambda   r             s            
   0 1.0740647640e+03   0.00e+00  1.10e+01    1.000000e+00   1.000000e-08
   8 2.4214432151e+02  -2.48e-09  1.10e-07   -2.468116e+04   1.596473e-05

After 8 iterations the fit converged.
final sum of squares of residuals : 242.144
rel. change during last iteration : -2.47661e-14

degrees of freedom    (FIT_NDF)                        : 13
rms of residuals      (FIT_STDFIT) = sqrt(WSSR/ndf)    : 4.31584
variance of residuals (reduced chisquare) = WSSR/ndf   : 18.6265

Final set of parameters            Asymptotic Standard Error
=======================            ==========================
r               = -24681.2         +/- 3817         (15.47%)
s               = 1.59647e-05      +/- 2.468e-06    (15.46%)

correlation matrix of the fit parameters:
                r      s      
r               1.000 
s              -1.000  1.000 


*******************************************************************************
Fri Jan 18 13:25:03 2019


FIT:    data read from datafile u 1:2
        format = x:z
        x range restricted to ["20180101" : "20200101"]
        #datapoints = 228
        residuals are weighted equally (unit weight)

function used for fitting: f(x)
	f(x)=a+b*x
fitted parameters initialized with current variable values

iter      chisq       delta/lim  lambda   a             b            
   0 1.3454150042e+06   0.00e+00  1.09e+01    1.000000e+00   1.000000e-08
   6 2.1250839188e+03  -2.71e-06  1.09e-05    8.766718e+02  -5.101646e-07

After 6 iterations the fit converged.
final sum of squares of residuals : 2125.08
rel. change during last iteration : -2.71256e-11

degrees of freedom    (FIT_NDF)                        : 226
rms of residuals      (FIT_STDFIT) = sqrt(WSSR/ndf)    : 3.06644
variance of residuals (reduced chisquare) = WSSR/ndf   : 9.40303

Final set of parameters            Asymptotic Standard Error
=======================            ==========================
a               = 876.672          +/- 43.37        (4.947%)
b               = -5.10165e-07     +/- 2.824e-08    (5.535%)

correlation matrix of the fit parameters:
                a      b      
a               1.000 
b              -1.000  1.000 


*******************************************************************************
Fri Jan 18 13:25:03 2019


FIT:    data read from recent u 1:2
        format = x:z
        x range restricted to ["20180101" : "20200101"]
        #datapoints = 7
        residuals are weighted equally (unit weight)

function used for fitting: g(x)
	g(x)= p+q*x
fitted parameters initialized with current variable values

iter      chisq       delta/lim  lambda   p             q            
   0 3.8954761479e+04   0.00e+00  1.10e+01    1.000000e+00   1.000000e-08
   8 1.8692857143e+00  -4.51e-03  1.10e-07    3.374755e+03  -2.121914e-06

After 8 iterations the fit converged.
final sum of squares of residuals : 1.86929
rel. change during last iteration : -4.50586e-08

degrees of freedom    (FIT_NDF)                        : 5
rms of residuals      (FIT_STDFIT) = sqrt(WSSR/ndf)    : 0.611439
variance of residuals (reduced chisquare) = WSSR/ndf   : 0.373857

Final set of parameters            Asymptotic Standard Error
=======================            ==========================
p               = 3374.75          +/- 2581         (76.49%)
q               = -2.12191e-06     +/- 1.668e-06    (78.61%)

correlation matrix of the fit parameters:
                p      q      
p               1.000 
q              -1.000  1.000 


*******************************************************************************
Fri Jan 18 13:25:03 2019


FIT:    data read from "walk.csv" u 1:3
        format = x:z
        x range restricted to ["20180101" : "20200101"]
        #datapoints = 15
        residuals are weighted equally (unit weight)

function used for fitting: h(x)
	h(x)= r+s*x
fitted parameters initialized with current variable values

iter      chisq       delta/lim  lambda   r             s            
   0 1.0740647640e+03   0.00e+00  1.10e+01    1.000000e+00   1.000000e-08
   8 2.4214432151e+02  -2.48e-09  1.10e-07   -2.468116e+04   1.596473e-05

After 8 iterations the fit converged.
final sum of squares of residuals : 242.144
rel. change during last iteration : -2.47661e-14

degrees of freedom    (FIT_NDF)                        : 13
rms of residuals      (FIT_STDFIT) = sqrt(WSSR/ndf)    : 4.31584
variance of residuals (reduced chisquare) = WSSR/ndf   : 18.6265

Final set of parameters            Asymptotic Standard Error
=======================            ==========================
r               = -24681.2         +/- 3817         (15.47%)
s               = 1.59647e-05      +/- 2.468e-06    (15.46%)

correlation matrix of the fit parameters:
                r      s      
r               1.000 
s              -1.000  1.000 


*******************************************************************************
Fri Jan 18 13:27:12 2019


FIT:    data read from datafile u 1:2
        format = x:z
        x range restricted to ["20180101" : "20200101"]
        #datapoints = 228
        residuals are weighted equally (unit weight)

function used for fitting: f(x)
	f(x)=a+b*x
fitted parameters initialized with current variable values

iter      chisq       delta/lim  lambda   a             b            
   0 1.3454150042e+06   0.00e+00  1.09e+01    1.000000e+00   1.000000e-08
   6 2.1250839188e+03  -2.71e-06  1.09e-05    8.766718e+02  -5.101646e-07

After 6 iterations the fit converged.
final sum of squares of residuals : 2125.08
rel. change during last iteration : -2.71256e-11

degrees of freedom    (FIT_NDF)                        : 226
rms of residuals      (FIT_STDFIT) = sqrt(WSSR/ndf)    : 3.06644
variance of residuals (reduced chisquare) = WSSR/ndf   : 9.40303

Final set of parameters            Asymptotic Standard Error
=======================            ==========================
a               = 876.672          +/- 43.37        (4.947%)
b               = -5.10165e-07     +/- 2.824e-08    (5.535%)

correlation matrix of the fit parameters:
                a      b      
a               1.000 
b              -1.000  1.000 


*******************************************************************************
Fri Jan 18 13:27:12 2019


FIT:    data read from recent u 1:2
        format = x:z
        x range restricted to ["20180101" : "20200101"]
        #datapoints = 7
        residuals are weighted equally (unit weight)

function used for fitting: g(x)
	g(x)= p+q*x
fitted parameters initialized with current variable values

iter      chisq       delta/lim  lambda   p             q            
   0 3.8954761479e+04   0.00e+00  1.10e+01    1.000000e+00   1.000000e-08
   8 1.8692857143e+00  -4.51e-03  1.10e-07    3.374755e+03  -2.121914e-06

After 8 iterations the fit converged.
final sum of squares of residuals : 1.86929
rel. change during last iteration : -4.50586e-08

degrees of freedom    (FIT_NDF)                        : 5
rms of residuals      (FIT_STDFIT) = sqrt(WSSR/ndf)    : 0.611439
variance of residuals (reduced chisquare) = WSSR/ndf   : 0.373857

Final set of parameters            Asymptotic Standard Error
=======================            ==========================
p               = 3374.75          +/- 2581         (76.49%)
q               = -2.12191e-06     +/- 1.668e-06    (78.61%)

correlation matrix of the fit parameters:
                p      q      
p               1.000 
q              -1.000  1.000 


*******************************************************************************
Fri Jan 18 13:27:12 2019


FIT:    data read from "walk.csv" u 1:3
        format = x:z
        x range restricted to ["20180101" : "20200101"]
        #datapoints = 15
        residuals are weighted equally (unit weight)

function used for fitting: h(x)
	h(x)= r+s*x
fitted parameters initialized with current variable values

iter      chisq       delta/lim  lambda   r             s            
   0 1.0740647640e+03   0.00e+00  1.10e+01    1.000000e+00   1.000000e-08
   8 2.4214432151e+02  -2.48e-09  1.10e-07   -2.468116e+04   1.596473e-05

After 8 iterations the fit converged.
final sum of squares of residuals : 242.144
rel. change during last iteration : -2.47661e-14

degrees of freedom    (FIT_NDF)                        : 13
rms of residuals      (FIT_STDFIT) = sqrt(WSSR/ndf)    : 4.31584
variance of residuals (reduced chisquare) = WSSR/ndf   : 18.6265

Final set of parameters            Asymptotic Standard Error
=======================            ==========================
r               = -24681.2         +/- 3817         (15.47%)
s               = 1.59647e-05      +/- 2.468e-06    (15.46%)

correlation matrix of the fit parameters:
                r      s      
r               1.000 
s              -1.000  1.000 


*******************************************************************************
Fri Jan 18 13:29:36 2019


FIT:    data read from datafile u 1:2
        format = x:z
        x range restricted to ["20180101" : "20200101"]
        #datapoints = 228
        residuals are weighted equally (unit weight)

function used for fitting: f(x)
	f(x)=a+b*x
fitted parameters initialized with current variable values

iter      chisq       delta/lim  lambda   a             b            
   0 1.3454150042e+06   0.00e+00  1.09e+01    1.000000e+00   1.000000e-08
   6 2.1250839188e+03  -2.71e-06  1.09e-05    8.766718e+02  -5.101646e-07

After 6 iterations the fit converged.
final sum of squares of residuals : 2125.08
rel. change during last iteration : -2.71256e-11

degrees of freedom    (FIT_NDF)                        : 226
rms of residuals      (FIT_STDFIT) = sqrt(WSSR/ndf)    : 3.06644
variance of residuals (reduced chisquare) = WSSR/ndf   : 9.40303

Final set of parameters            Asymptotic Standard Error
=======================            ==========================
a               = 876.672          +/- 43.37        (4.947%)
b               = -5.10165e-07     +/- 2.824e-08    (5.535%)

correlation matrix of the fit parameters:
                a      b      
a               1.000 
b              -1.000  1.000 


*******************************************************************************
Fri Jan 18 13:29:36 2019


FIT:    data read from recent u 1:2
        format = x:z
        x range restricted to ["20180101" : "20200101"]
        #datapoints = 7
        residuals are weighted equally (unit weight)

function used for fitting: g(x)
	g(x)= p+q*x
fitted parameters initialized with current variable values

iter      chisq       delta/lim  lambda   p             q            
   0 3.8954761479e+04   0.00e+00  1.10e+01    1.000000e+00   1.000000e-08
   8 1.8692857143e+00  -4.51e-03  1.10e-07    3.374755e+03  -2.121914e-06

After 8 iterations the fit converged.
final sum of squares of residuals : 1.86929
rel. change during last iteration : -4.50586e-08

degrees of freedom    (FIT_NDF)                        : 5
rms of residuals      (FIT_STDFIT) = sqrt(WSSR/ndf)    : 0.611439
variance of residuals (reduced chisquare) = WSSR/ndf   : 0.373857

Final set of parameters            Asymptotic Standard Error
=======================            ==========================
p               = 3374.75          +/- 2581         (76.49%)
q               = -2.12191e-06     +/- 1.668e-06    (78.61%)

correlation matrix of the fit parameters:
                p      q      
p               1.000 
q              -1.000  1.000 


*******************************************************************************
Fri Jan 18 13:29:36 2019


FIT:    data read from "walk.csv" u 1:3
        format = x:z
        x range restricted to ["20180101" : "20200101"]
        #datapoints = 15
        residuals are weighted equally (unit weight)

function used for fitting: h(x)
	h(x)= r+s*x
fitted parameters initialized with current variable values

iter      chisq       delta/lim  lambda   r             s            
   0 1.0740647640e+03   0.00e+00  1.10e+01    1.000000e+00   1.000000e-08
   8 2.4214432151e+02  -2.48e-09  1.10e-07   -2.468116e+04   1.596473e-05

After 8 iterations the fit converged.
final sum of squares of residuals : 242.144
rel. change during last iteration : -2.47661e-14

degrees of freedom    (FIT_NDF)                        : 13
rms of residuals      (FIT_STDFIT) = sqrt(WSSR/ndf)    : 4.31584
variance of residuals (reduced chisquare) = WSSR/ndf   : 18.6265

Final set of parameters            Asymptotic Standard Error
=======================            ==========================
r               = -24681.2         +/- 3817         (15.47%)
s               = 1.59647e-05      +/- 2.468e-06    (15.46%)

correlation matrix of the fit parameters:
                r      s      
r               1.000 
s              -1.000  1.000 


*******************************************************************************
Fri Jan 18 13:31:40 2019


FIT:    data read from datafile u 1:2
        format = x:z
        x range restricted to ["20180101" : "20200101"]
        #datapoints = 228
        residuals are weighted equally (unit weight)

function used for fitting: f(x)
	f(x)=a+b*x
fitted parameters initialized with current variable values

iter      chisq       delta/lim  lambda   a             b            
   0 1.3454150042e+06   0.00e+00  1.09e+01    1.000000e+00   1.000000e-08
   6 2.1250839188e+03  -2.71e-06  1.09e-05    8.766718e+02  -5.101646e-07

After 6 iterations the fit converged.
final sum of squares of residuals : 2125.08
rel. change during last iteration : -2.71256e-11

degrees of freedom    (FIT_NDF)                        : 226
rms of residuals      (FIT_STDFIT) = sqrt(WSSR/ndf)    : 3.06644
variance of residuals (reduced chisquare) = WSSR/ndf   : 9.40303

Final set of parameters            Asymptotic Standard Error
=======================            ==========================
a               = 876.672          +/- 43.37        (4.947%)
b               = -5.10165e-07     +/- 2.824e-08    (5.535%)

correlation matrix of the fit parameters:
                a      b      
a               1.000 
b              -1.000  1.000 


*******************************************************************************
Fri Jan 18 13:31:40 2019


FIT:    data read from recent u 1:2
        format = x:z
        x range restricted to ["20180101" : "20200101"]
        #datapoints = 7
        residuals are weighted equally (unit weight)

function used for fitting: g(x)
	g(x)= p+q*x
fitted parameters initialized with current variable values

iter      chisq       delta/lim  lambda   p             q            
   0 3.8954761479e+04   0.00e+00  1.10e+01    1.000000e+00   1.000000e-08
   8 1.8692857143e+00  -4.51e-03  1.10e-07    3.374755e+03  -2.121914e-06

After 8 iterations the fit converged.
final sum of squares of residuals : 1.86929
rel. change during last iteration : -4.50586e-08

degrees of freedom    (FIT_NDF)                        : 5
rms of residuals      (FIT_STDFIT) = sqrt(WSSR/ndf)    : 0.611439
variance of residuals (reduced chisquare) = WSSR/ndf   : 0.373857

Final set of parameters            Asymptotic Standard Error
=======================            ==========================
p               = 3374.75          +/- 2581         (76.49%)
q               = -2.12191e-06     +/- 1.668e-06    (78.61%)

correlation matrix of the fit parameters:
                p      q      
p               1.000 
q              -1.000  1.000 


*******************************************************************************
Fri Jan 18 13:31:40 2019


FIT:    data read from "walk.csv" u 1:3
        format = x:z
        x range restricted to ["20180101" : "20200101"]
        #datapoints = 15
        residuals are weighted equally (unit weight)

function used for fitting: h(x)
	h(x)= r+s*x
fitted parameters initialized with current variable values

iter      chisq       delta/lim  lambda   r             s            
   0 1.0740647640e+03   0.00e+00  1.10e+01    1.000000e+00   1.000000e-08
   8 2.4214432151e+02  -2.48e-09  1.10e-07   -2.468116e+04   1.596473e-05

After 8 iterations the fit converged.
final sum of squares of residuals : 242.144
rel. change during last iteration : -2.47661e-14

degrees of freedom    (FIT_NDF)                        : 13
rms of residuals      (FIT_STDFIT) = sqrt(WSSR/ndf)    : 4.31584
variance of residuals (reduced chisquare) = WSSR/ndf   : 18.6265

Final set of parameters            Asymptotic Standard Error
=======================            ==========================
r               = -24681.2         +/- 3817         (15.47%)
s               = 1.59647e-05      +/- 2.468e-06    (15.46%)

correlation matrix of the fit parameters:
                r      s      
r               1.000 
s              -1.000  1.000 


*******************************************************************************
Fri Jan 18 13:35:28 2019


FIT:    data read from datafile u 1:2
        format = x:z
        x range restricted to ["20180101" : "20200101"]
        #datapoints = 228
        residuals are weighted equally (unit weight)

function used for fitting: f(x)
	f(x)=a+b*x
fitted parameters initialized with current variable values

iter      chisq       delta/lim  lambda   a             b            
   0 1.3454150042e+06   0.00e+00  1.09e+01    1.000000e+00   1.000000e-08
   6 2.1250839188e+03  -2.71e-06  1.09e-05    8.766718e+02  -5.101646e-07

After 6 iterations the fit converged.
final sum of squares of residuals : 2125.08
rel. change during last iteration : -2.71256e-11

degrees of freedom    (FIT_NDF)                        : 226
rms of residuals      (FIT_STDFIT) = sqrt(WSSR/ndf)    : 3.06644
variance of residuals (reduced chisquare) = WSSR/ndf   : 9.40303

Final set of parameters            Asymptotic Standard Error
=======================            ==========================
a               = 876.672          +/- 43.37        (4.947%)
b               = -5.10165e-07     +/- 2.824e-08    (5.535%)

correlation matrix of the fit parameters:
                a      b      
a               1.000 
b              -1.000  1.000 


*******************************************************************************
Fri Jan 18 13:35:28 2019


FIT:    data read from recent u 1:2
        format = x:z
        x range restricted to ["20180101" : "20200101"]
        #datapoints = 7
        residuals are weighted equally (unit weight)

function used for fitting: g(x)
	g(x)= p+q*x
fitted parameters initialized with current variable values

iter      chisq       delta/lim  lambda   p             q            
   0 3.8954761479e+04   0.00e+00  1.10e+01    1.000000e+00   1.000000e-08
   8 1.8692857143e+00  -4.51e-03  1.10e-07    3.374755e+03  -2.121914e-06

After 8 iterations the fit converged.
final sum of squares of residuals : 1.86929
rel. change during last iteration : -4.50586e-08

degrees of freedom    (FIT_NDF)                        : 5
rms of residuals      (FIT_STDFIT) = sqrt(WSSR/ndf)    : 0.611439
variance of residuals (reduced chisquare) = WSSR/ndf   : 0.373857

Final set of parameters            Asymptotic Standard Error
=======================            ==========================
p               = 3374.75          +/- 2581         (76.49%)
q               = -2.12191e-06     +/- 1.668e-06    (78.61%)

correlation matrix of the fit parameters:
                p      q      
p               1.000 
q              -1.000  1.000 


*******************************************************************************
Fri Jan 18 13:35:28 2019


FIT:    data read from "walk.csv" u 1:3
        format = x:z
        x range restricted to ["20180101" : "20200101"]
        #datapoints = 15
        residuals are weighted equally (unit weight)

function used for fitting: h(x)
	h(x)= r+s*x
fitted parameters initialized with current variable values

iter      chisq       delta/lim  lambda   r             s            
   0 1.0740647640e+03   0.00e+00  1.10e+01    1.000000e+00   1.000000e-08
   8 2.4214432151e+02  -2.48e-09  1.10e-07   -2.468116e+04   1.596473e-05

After 8 iterations the fit converged.
final sum of squares of residuals : 242.144
rel. change during last iteration : -2.47661e-14

degrees of freedom    (FIT_NDF)                        : 13
rms of residuals      (FIT_STDFIT) = sqrt(WSSR/ndf)    : 4.31584
variance of residuals (reduced chisquare) = WSSR/ndf   : 18.6265

Final set of parameters            Asymptotic Standard Error
=======================            ==========================
r               = -24681.2         +/- 3817         (15.47%)
s               = 1.59647e-05      +/- 2.468e-06    (15.46%)

correlation matrix of the fit parameters:
                r      s      
r               1.000 
s              -1.000  1.000 


*******************************************************************************
Fri Jan 18 13:37:38 2019


FIT:    data read from datafile u 1:2
        format = x:z
        x range restricted to ["20180101" : "20200101"]
        #datapoints = 228
        residuals are weighted equally (unit weight)

function used for fitting: f(x)
	f(x)=a+b*x
fitted parameters initialized with current variable values

iter      chisq       delta/lim  lambda   a             b            
   0 1.3454150042e+06   0.00e+00  1.09e+01    1.000000e+00   1.000000e-08
   6 2.1250839188e+03  -2.71e-06  1.09e-05    8.766718e+02  -5.101646e-07

After 6 iterations the fit converged.
final sum of squares of residuals : 2125.08
rel. change during last iteration : -2.71256e-11

degrees of freedom    (FIT_NDF)                        : 226
rms of residuals      (FIT_STDFIT) = sqrt(WSSR/ndf)    : 3.06644
variance of residuals (reduced chisquare) = WSSR/ndf   : 9.40303

Final set of parameters            Asymptotic Standard Error
=======================            ==========================
a               = 876.672          +/- 43.37        (4.947%)
b               = -5.10165e-07     +/- 2.824e-08    (5.535%)

correlation matrix of the fit parameters:
                a      b      
a               1.000 
b              -1.000  1.000 


*******************************************************************************
Fri Jan 18 13:37:38 2019


FIT:    data read from recent u 1:2
        format = x:z
        x range restricted to ["20180101" : "20200101"]
        #datapoints = 7
        residuals are weighted equally (unit weight)

function used for fitting: g(x)
	g(x)= p+q*x
fitted parameters initialized with current variable values

iter      chisq       delta/lim  lambda   p             q            
   0 3.8954761479e+04   0.00e+00  1.10e+01    1.000000e+00   1.000000e-08
   8 1.8692857143e+00  -4.51e-03  1.10e-07    3.374755e+03  -2.121914e-06

After 8 iterations the fit converged.
final sum of squares of residuals : 1.86929
rel. change during last iteration : -4.50586e-08

degrees of freedom    (FIT_NDF)                        : 5
rms of residuals      (FIT_STDFIT) = sqrt(WSSR/ndf)    : 0.611439
variance of residuals (reduced chisquare) = WSSR/ndf   : 0.373857

Final set of parameters            Asymptotic Standard Error
=======================            ==========================
p               = 3374.75          +/- 2581         (76.49%)
q               = -2.12191e-06     +/- 1.668e-06    (78.61%)

correlation matrix of the fit parameters:
                p      q      
p               1.000 
q              -1.000  1.000 


*******************************************************************************
Fri Jan 18 13:37:38 2019


FIT:    data read from "walk.csv" u 1:3
        format = x:z
        x range restricted to ["20180101" : "20200101"]
        #datapoints = 15
        residuals are weighted equally (unit weight)

function used for fitting: h(x)
	h(x)= r+s*x
fitted parameters initialized with current variable values

iter      chisq       delta/lim  lambda   r             s            
   0 1.0740647640e+03   0.00e+00  1.10e+01    1.000000e+00   1.000000e-08
   8 2.4214432151e+02  -2.48e-09  1.10e-07   -2.468116e+04   1.596473e-05

After 8 iterations the fit converged.
final sum of squares of residuals : 242.144
rel. change during last iteration : -2.47661e-14

degrees of freedom    (FIT_NDF)                        : 13
rms of residuals      (FIT_STDFIT) = sqrt(WSSR/ndf)    : 4.31584
variance of residuals (reduced chisquare) = WSSR/ndf   : 18.6265

Final set of parameters            Asymptotic Standard Error
=======================            ==========================
r               = -24681.2         +/- 3817         (15.47%)
s               = 1.59647e-05      +/- 2.468e-06    (15.46%)

correlation matrix of the fit parameters:
                r      s      
r               1.000 
s              -1.000  1.000 


*******************************************************************************
Fri Jan 18 13:39:02 2019


FIT:    data read from datafile u 1:2
        format = x:z
        x range restricted to ["20180101" : "20200101"]
        #datapoints = 228
        residuals are weighted equally (unit weight)

function used for fitting: f(x)
	f(x)=a+b*x
fitted parameters initialized with current variable values

iter      chisq       delta/lim  lambda   a             b            
   0 1.3454150042e+06   0.00e+00  1.09e+01    1.000000e+00   1.000000e-08
   6 2.1250839188e+03  -2.71e-06  1.09e-05    8.766718e+02  -5.101646e-07

After 6 iterations the fit converged.
final sum of squares of residuals : 2125.08
rel. change during last iteration : -2.71256e-11

degrees of freedom    (FIT_NDF)                        : 226
rms of residuals      (FIT_STDFIT) = sqrt(WSSR/ndf)    : 3.06644
variance of residuals (reduced chisquare) = WSSR/ndf   : 9.40303

Final set of parameters            Asymptotic Standard Error
=======================            ==========================
a               = 876.672          +/- 43.37        (4.947%)
b               = -5.10165e-07     +/- 2.824e-08    (5.535%)

correlation matrix of the fit parameters:
                a      b      
a               1.000 
b              -1.000  1.000 


*******************************************************************************
Fri Jan 18 13:39:02 2019


FIT:    data read from recent u 1:2
        format = x:z
        x range restricted to ["20180101" : "20200101"]
        #datapoints = 7
        residuals are weighted equally (unit weight)

function used for fitting: g(x)
	g(x)= p+q*x
fitted parameters initialized with current variable values

iter      chisq       delta/lim  lambda   p             q            
   0 3.8954761479e+04   0.00e+00  1.10e+01    1.000000e+00   1.000000e-08
   8 1.8692857143e+00  -4.51e-03  1.10e-07    3.374755e+03  -2.121914e-06

After 8 iterations the fit converged.
final sum of squares of residuals : 1.86929
rel. change during last iteration : -4.50586e-08

degrees of freedom    (FIT_NDF)                        : 5
rms of residuals      (FIT_STDFIT) = sqrt(WSSR/ndf)    : 0.611439
variance of residuals (reduced chisquare) = WSSR/ndf   : 0.373857

Final set of parameters            Asymptotic Standard Error
=======================            ==========================
p               = 3374.75          +/- 2581         (76.49%)
q               = -2.12191e-06     +/- 1.668e-06    (78.61%)

correlation matrix of the fit parameters:
                p      q      
p               1.000 
q              -1.000  1.000 


*******************************************************************************
Fri Jan 18 13:39:02 2019


FIT:    data read from "walk.csv" u 1:3
        format = x:z
        x range restricted to ["20180101" : "20200101"]
        #datapoints = 15
        residuals are weighted equally (unit weight)

function used for fitting: h(x)
	h(x)= r+s*x
fitted parameters initialized with current variable values

iter      chisq       delta/lim  lambda   r             s            
   0 1.0740647640e+03   0.00e+00  1.10e+01    1.000000e+00   1.000000e-08
   8 2.4214432151e+02  -2.48e-09  1.10e-07   -2.468116e+04   1.596473e-05

After 8 iterations the fit converged.
final sum of squares of residuals : 242.144
rel. change during last iteration : -2.47661e-14

degrees of freedom    (FIT_NDF)                        : 13
rms of residuals      (FIT_STDFIT) = sqrt(WSSR/ndf)    : 4.31584
variance of residuals (reduced chisquare) = WSSR/ndf   : 18.6265

Final set of parameters            Asymptotic Standard Error
=======================            ==========================
r               = -24681.2         +/- 3817         (15.47%)
s               = 1.59647e-05      +/- 2.468e-06    (15.46%)

correlation matrix of the fit parameters:
                r      s      
r               1.000 
s              -1.000  1.000 


*******************************************************************************
Fri Jan 18 13:45:15 2019


FIT:    data read from datafile u 1:2
        format = x:z
        x range restricted to ["20180101" : "20200101"]
        #datapoints = 228
        residuals are weighted equally (unit weight)

function used for fitting: f(x)
	f(x)=a+b*x
fitted parameters initialized with current variable values

iter      chisq       delta/lim  lambda   a             b            
   0 1.3454150042e+06   0.00e+00  1.09e+01    1.000000e+00   1.000000e-08
   6 2.1250839188e+03  -2.71e-06  1.09e-05    8.766718e+02  -5.101646e-07

After 6 iterations the fit converged.
final sum of squares of residuals : 2125.08
rel. change during last iteration : -2.71256e-11

degrees of freedom    (FIT_NDF)                        : 226
rms of residuals      (FIT_STDFIT) = sqrt(WSSR/ndf)    : 3.06644
variance of residuals (reduced chisquare) = WSSR/ndf   : 9.40303

Final set of parameters            Asymptotic Standard Error
=======================            ==========================
a               = 876.672          +/- 43.37        (4.947%)
b               = -5.10165e-07     +/- 2.824e-08    (5.535%)

correlation matrix of the fit parameters:
                a      b      
a               1.000 
b              -1.000  1.000 


*******************************************************************************
Fri Jan 18 13:45:15 2019


FIT:    data read from recent u 1:2
        format = x:z
        x range restricted to ["20180101" : "20200101"]
        #datapoints = 7
        residuals are weighted equally (unit weight)

function used for fitting: g(x)
	g(x)= p+q*x
fitted parameters initialized with current variable values

iter      chisq       delta/lim  lambda   p             q            
   0 3.8954761479e+04   0.00e+00  1.10e+01    1.000000e+00   1.000000e-08
   8 1.8692857143e+00  -4.51e-03  1.10e-07    3.374755e+03  -2.121914e-06

After 8 iterations the fit converged.
final sum of squares of residuals : 1.86929
rel. change during last iteration : -4.50586e-08

degrees of freedom    (FIT_NDF)                        : 5
rms of residuals      (FIT_STDFIT) = sqrt(WSSR/ndf)    : 0.611439
variance of residuals (reduced chisquare) = WSSR/ndf   : 0.373857

Final set of parameters            Asymptotic Standard Error
=======================            ==========================
p               = 3374.75          +/- 2581         (76.49%)
q               = -2.12191e-06     +/- 1.668e-06    (78.61%)

correlation matrix of the fit parameters:
                p      q      
p               1.000 
q              -1.000  1.000 


*******************************************************************************
Fri Jan 18 13:45:15 2019


FIT:    data read from "walk.csv" u 1:3
        format = x:z
        x range restricted to ["20180101" : "20200101"]
        #datapoints = 15
        residuals are weighted equally (unit weight)

function used for fitting: h(x)
	h(x)= r+s*x
fitted parameters initialized with current variable values

iter      chisq       delta/lim  lambda   r             s            
   0 1.0740647640e+03   0.00e+00  1.10e+01    1.000000e+00   1.000000e-08
   8 2.4214432151e+02  -2.48e-09  1.10e-07   -2.468116e+04   1.596473e-05

After 8 iterations the fit converged.
final sum of squares of residuals : 242.144
rel. change during last iteration : -2.47661e-14

degrees of freedom    (FIT_NDF)                        : 13
rms of residuals      (FIT_STDFIT) = sqrt(WSSR/ndf)    : 4.31584
variance of residuals (reduced chisquare) = WSSR/ndf   : 18.6265

Final set of parameters            Asymptotic Standard Error
=======================            ==========================
r               = -24681.2         +/- 3817         (15.47%)
s               = 1.59647e-05      +/- 2.468e-06    (15.46%)

correlation matrix of the fit parameters:
                r      s      
r               1.000 
s              -1.000  1.000 


*******************************************************************************
Fri Jan 18 13:48:13 2019


FIT:    data read from datafile u 1:2
        format = x:z
        x range restricted to ["20180101" : "20200101"]
        #datapoints = 228
        residuals are weighted equally (unit weight)

function used for fitting: f(x)
	f(x)=a+b*x
fitted parameters initialized with current variable values

iter      chisq       delta/lim  lambda   a             b            
   0 1.3454150042e+06   0.00e+00  1.09e+01    1.000000e+00   1.000000e-08
   6 2.1250839188e+03  -2.71e-06  1.09e-05    8.766718e+02  -5.101646e-07

After 6 iterations the fit converged.
final sum of squares of residuals : 2125.08
rel. change during last iteration : -2.71256e-11

degrees of freedom    (FIT_NDF)                        : 226
rms of residuals      (FIT_STDFIT) = sqrt(WSSR/ndf)    : 3.06644
variance of residuals (reduced chisquare) = WSSR/ndf   : 9.40303

Final set of parameters            Asymptotic Standard Error
=======================            ==========================
a               = 876.672          +/- 43.37        (4.947%)
b               = -5.10165e-07     +/- 2.824e-08    (5.535%)

correlation matrix of the fit parameters:
                a      b      
a               1.000 
b              -1.000  1.000 


*******************************************************************************
Fri Jan 18 13:48:13 2019


FIT:    data read from recent u 1:2
        format = x:z
        x range restricted to ["20180101" : "20200101"]
        #datapoints = 7
        residuals are weighted equally (unit weight)

function used for fitting: g(x)
	g(x)= p+q*x
fitted parameters initialized with current variable values

iter      chisq       delta/lim  lambda   p             q            
   0 3.8954761479e+04   0.00e+00  1.10e+01    1.000000e+00   1.000000e-08
   8 1.8692857143e+00  -4.51e-03  1.10e-07    3.374755e+03  -2.121914e-06

After 8 iterations the fit converged.
final sum of squares of residuals : 1.86929
rel. change during last iteration : -4.50586e-08

degrees of freedom    (FIT_NDF)                        : 5
rms of residuals      (FIT_STDFIT) = sqrt(WSSR/ndf)    : 0.611439
variance of residuals (reduced chisquare) = WSSR/ndf   : 0.373857

Final set of parameters            Asymptotic Standard Error
=======================            ==========================
p               = 3374.75          +/- 2581         (76.49%)
q               = -2.12191e-06     +/- 1.668e-06    (78.61%)

correlation matrix of the fit parameters:
                p      q      
p               1.000 
q              -1.000  1.000 


*******************************************************************************
Fri Jan 18 13:48:13 2019


FIT:    data read from "walk.csv" u 1:3
        format = x:z
        x range restricted to ["20180101" : "20200101"]
        #datapoints = 15
        residuals are weighted equally (unit weight)

function used for fitting: h(x)
	h(x)= r+s*x
fitted parameters initialized with current variable values

iter      chisq       delta/lim  lambda   r             s            
   0 1.0740647640e+03   0.00e+00  1.10e+01    1.000000e+00   1.000000e-08
   8 2.4214432151e+02  -2.48e-09  1.10e-07   -2.468116e+04   1.596473e-05

After 8 iterations the fit converged.
final sum of squares of residuals : 242.144
rel. change during last iteration : -2.47661e-14

degrees of freedom    (FIT_NDF)                        : 13
rms of residuals      (FIT_STDFIT) = sqrt(WSSR/ndf)    : 4.31584
variance of residuals (reduced chisquare) = WSSR/ndf   : 18.6265

Final set of parameters            Asymptotic Standard Error
=======================            ==========================
r               = -24681.2         +/- 3817         (15.47%)
s               = 1.59647e-05      +/- 2.468e-06    (15.46%)

correlation matrix of the fit parameters:
                r      s      
r               1.000 
s              -1.000  1.000 


*******************************************************************************
Fri Jan 18 13:49:17 2019


FIT:    data read from datafile u 1:2
        format = x:z
        x range restricted to ["20180101" : "20200101"]
        #datapoints = 228
        residuals are weighted equally (unit weight)

function used for fitting: f(x)
	f(x)=a+b*x
fitted parameters initialized with current variable values

iter      chisq       delta/lim  lambda   a             b            
   0 1.3454150042e+06   0.00e+00  1.09e+01    1.000000e+00   1.000000e-08
   6 2.1250839188e+03  -2.71e-06  1.09e-05    8.766718e+02  -5.101646e-07

After 6 iterations the fit converged.
final sum of squares of residuals : 2125.08
rel. change during last iteration : -2.71256e-11

degrees of freedom    (FIT_NDF)                        : 226
rms of residuals      (FIT_STDFIT) = sqrt(WSSR/ndf)    : 3.06644
variance of residuals (reduced chisquare) = WSSR/ndf   : 9.40303

Final set of parameters            Asymptotic Standard Error
=======================            ==========================
a               = 876.672          +/- 43.37        (4.947%)
b               = -5.10165e-07     +/- 2.824e-08    (5.535%)

correlation matrix of the fit parameters:
                a      b      
a               1.000 
b              -1.000  1.000 


*******************************************************************************
Fri Jan 18 13:49:17 2019


FIT:    data read from recent u 1:2
        format = x:z
        x range restricted to ["20180101" : "20200101"]
        #datapoints = 7
        residuals are weighted equally (unit weight)

function used for fitting: g(x)
	g(x)= p+q*x
fitted parameters initialized with current variable values

iter      chisq       delta/lim  lambda   p             q            
   0 3.8954761479e+04   0.00e+00  1.10e+01    1.000000e+00   1.000000e-08
   8 1.8692857143e+00  -4.51e-03  1.10e-07    3.374755e+03  -2.121914e-06

After 8 iterations the fit converged.
final sum of squares of residuals : 1.86929
rel. change during last iteration : -4.50586e-08

degrees of freedom    (FIT_NDF)                        : 5
rms of residuals      (FIT_STDFIT) = sqrt(WSSR/ndf)    : 0.611439
variance of residuals (reduced chisquare) = WSSR/ndf   : 0.373857

Final set of parameters            Asymptotic Standard Error
=======================            ==========================
p               = 3374.75          +/- 2581         (76.49%)
q               = -2.12191e-06     +/- 1.668e-06    (78.61%)

correlation matrix of the fit parameters:
                p      q      
p               1.000 
q              -1.000  1.000 


*******************************************************************************
Fri Jan 18 13:49:17 2019


FIT:    data read from "walk.csv" u 1:3
        format = x:z
        x range restricted to ["20180101" : "20200101"]
        #datapoints = 15
        residuals are weighted equally (unit weight)

function used for fitting: h(x)
	h(x)= r+s*x
fitted parameters initialized with current variable values

iter      chisq       delta/lim  lambda   r             s            
   0 1.0740647640e+03   0.00e+00  1.10e+01    1.000000e+00   1.000000e-08
   8 2.4214432151e+02  -2.48e-09  1.10e-07   -2.468116e+04   1.596473e-05

After 8 iterations the fit converged.
final sum of squares of residuals : 242.144
rel. change during last iteration : -2.47661e-14

degrees of freedom    (FIT_NDF)                        : 13
rms of residuals      (FIT_STDFIT) = sqrt(WSSR/ndf)    : 4.31584
variance of residuals (reduced chisquare) = WSSR/ndf   : 18.6265

Final set of parameters            Asymptotic Standard Error
=======================            ==========================
r               = -24681.2         +/- 3817         (15.47%)
s               = 1.59647e-05      +/- 2.468e-06    (15.46%)

correlation matrix of the fit parameters:
                r      s      
r               1.000 
s              -1.000  1.000 


*******************************************************************************
Fri Jan 18 13:50:38 2019


FIT:    data read from datafile u 1:2
        format = x:z
        x range restricted to ["20180101" : "20200101"]
        #datapoints = 228
        residuals are weighted equally (unit weight)

function used for fitting: f(x)
	f(x)=a+b*x
fitted parameters initialized with current variable values

iter      chisq       delta/lim  lambda   a             b            
   0 1.3454150042e+06   0.00e+00  1.09e+01    1.000000e+00   1.000000e-08
   6 2.1250839188e+03  -2.71e-06  1.09e-05    8.766718e+02  -5.101646e-07

After 6 iterations the fit converged.
final sum of squares of residuals : 2125.08
rel. change during last iteration : -2.71256e-11

degrees of freedom    (FIT_NDF)                        : 226
rms of residuals      (FIT_STDFIT) = sqrt(WSSR/ndf)    : 3.06644
variance of residuals (reduced chisquare) = WSSR/ndf   : 9.40303

Final set of parameters            Asymptotic Standard Error
=======================            ==========================
a               = 876.672          +/- 43.37        (4.947%)
b               = -5.10165e-07     +/- 2.824e-08    (5.535%)

correlation matrix of the fit parameters:
                a      b      
a               1.000 
b              -1.000  1.000 


*******************************************************************************
Fri Jan 18 13:50:38 2019


FIT:    data read from recent u 1:2
        format = x:z
        x range restricted to ["20180101" : "20200101"]
        #datapoints = 7
        residuals are weighted equally (unit weight)

function used for fitting: g(x)
	g(x)= p+q*x
fitted parameters initialized with current variable values

iter      chisq       delta/lim  lambda   p             q            
   0 3.8954761479e+04   0.00e+00  1.10e+01    1.000000e+00   1.000000e-08
   8 1.8692857143e+00  -4.51e-03  1.10e-07    3.374755e+03  -2.121914e-06

After 8 iterations the fit converged.
final sum of squares of residuals : 1.86929
rel. change during last iteration : -4.50586e-08

degrees of freedom    (FIT_NDF)                        : 5
rms of residuals      (FIT_STDFIT) = sqrt(WSSR/ndf)    : 0.611439
variance of residuals (reduced chisquare) = WSSR/ndf   : 0.373857

Final set of parameters            Asymptotic Standard Error
=======================            ==========================
p               = 3374.75          +/- 2581         (76.49%)
q               = -2.12191e-06     +/- 1.668e-06    (78.61%)

correlation matrix of the fit parameters:
                p      q      
p               1.000 
q              -1.000  1.000 


*******************************************************************************
Fri Jan 18 13:50:38 2019


FIT:    data read from "walk.csv" u 1:3
        format = x:z
        x range restricted to ["20180101" : "20200101"]
        #datapoints = 15
        residuals are weighted equally (unit weight)

function used for fitting: h(x)
	h(x)= r+s*x
fitted parameters initialized with current variable values

iter      chisq       delta/lim  lambda   r             s            
   0 1.0740647640e+03   0.00e+00  1.10e+01    1.000000e+00   1.000000e-08
   8 2.4214432151e+02  -2.48e-09  1.10e-07   -2.468116e+04   1.596473e-05

After 8 iterations the fit converged.
final sum of squares of residuals : 242.144
rel. change during last iteration : -2.47661e-14

degrees of freedom    (FIT_NDF)                        : 13
rms of residuals      (FIT_STDFIT) = sqrt(WSSR/ndf)    : 4.31584
variance of residuals (reduced chisquare) = WSSR/ndf   : 18.6265

Final set of parameters            Asymptotic Standard Error
=======================            ==========================
r               = -24681.2         +/- 3817         (15.47%)
s               = 1.59647e-05      +/- 2.468e-06    (15.46%)

correlation matrix of the fit parameters:
                r      s      
r               1.000 
s              -1.000  1.000 
